{"/home/runner/workspace/server/utils/jobQueue.ts": {"path":"/home/runner/workspace/server/utils/jobQueue.ts","statementMap":{"0":{"start":{"line":20,"column":32},"end":{"line":20,"column":null}},"1":{"start":{"line":21,"column":33},"end":{"line":21,"column":null}},"2":{"start":{"line":25,"column":4},"end":{"line":25,"column":null}},"3":{"start":{"line":24,"column":30},"end":{"line":24,"column":47}},"4":{"start":{"line":24,"column":63},"end":{"line":24,"column":81}},"5":{"start":{"line":26,"column":4},"end":{"line":26,"column":null}},"6":{"start":{"line":31,"column":25},"end":{"line":31,"column":null}},"7":{"start":{"line":32,"column":46},"end":{"line":32,"column":null}},"8":{"start":{"line":33,"column":41},"end":{"line":33,"column":null}},"9":{"start":{"line":34,"column":22},"end":{"line":34,"column":null}},"10":{"start":{"line":35,"column":24},"end":{"line":35,"column":null}},"11":{"start":{"line":36,"column":25},"end":{"line":36,"column":null}},"12":{"start":{"line":38,"column":22},"end":{"line":38,"column":null}},"13":{"start":{"line":41,"column":4},"end":{"line":41,"column":null}},"14":{"start":{"line":45,"column":4},"end":{"line":45,"column":null}},"15":{"start":{"line":46,"column":4},"end":{"line":46,"column":null}},"16":{"start":{"line":54,"column":21},"end":{"line":54,"column":null}},"17":{"start":{"line":59,"column":4},"end":{"line":67,"column":null}},"18":{"start":{"line":60,"column":6},"end":{"line":60,"column":null}},"19":{"start":{"line":61,"column":6},"end":{"line":66,"column":null}},"20":{"start":{"line":67,"column":6},"end":{"line":67,"column":null}},"21":{"start":{"line":70,"column":24},"end":{"line":78,"column":null}},"22":{"start":{"line":80,"column":4},"end":{"line":80,"column":null}},"23":{"start":{"line":81,"column":4},"end":{"line":81,"column":null}},"24":{"start":{"line":81,"column":30},"end":{"line":81,"column":54}},"25":{"start":{"line":83,"column":4},"end":{"line":88,"column":null}},"26":{"start":{"line":90,"column":4},"end":{"line":91,"column":null}},"27":{"start":{"line":91,"column":6},"end":{"line":91,"column":null}},"28":{"start":{"line":94,"column":4},"end":{"line":94,"column":null}},"29":{"start":{"line":98,"column":4},"end":{"line":99,"column":null}},"30":{"start":{"line":99,"column":6},"end":{"line":99,"column":null}},"31":{"start":{"line":102,"column":4},"end":{"line":102,"column":null}},"32":{"start":{"line":103,"column":4},"end":{"line":103,"column":null}},"33":{"start":{"line":105,"column":4},"end":{"line":107,"column":null}},"34":{"start":{"line":106,"column":6},"end":{"line":106,"column":null}},"35":{"start":{"line":109,"column":4},"end":{"line":109,"column":null}},"36":{"start":{"line":113,"column":4},"end":{"line":114,"column":null}},"37":{"start":{"line":114,"column":6},"end":{"line":114,"column":null}},"38":{"start":{"line":117,"column":4},"end":{"line":117,"column":null}},"39":{"start":{"line":118,"column":4},"end":{"line":120,"column":null}},"40":{"start":{"line":119,"column":6},"end":{"line":119,"column":null}},"41":{"start":{"line":120,"column":6},"end":{"line":120,"column":null}},"42":{"start":{"line":123,"column":4},"end":{"line":126,"column":null}},"43":{"start":{"line":130,"column":4},"end":{"line":134,"column":null}},"44":{"start":{"line":131,"column":18},"end":{"line":131,"column":36}},"45":{"start":{"line":132,"column":6},"end":{"line":132,"column":null}},"46":{"start":{"line":132,"column":16},"end":{"line":132,"column":null}},"47":{"start":{"line":134,"column":6},"end":{"line":134,"column":null}},"48":{"start":{"line":139,"column":4},"end":{"line":139,"column":null}},"49":{"start":{"line":140,"column":4},"end":{"line":140,"column":null}},"50":{"start":{"line":142,"column":4},"end":{"line":147,"column":null}},"51":{"start":{"line":149,"column":20},"end":{"line":149,"column":47}},"52":{"start":{"line":150,"column":4},"end":{"line":156,"column":null}},"53":{"start":{"line":151,"column":6},"end":{"line":154,"column":null}},"54":{"start":{"line":155,"column":6},"end":{"line":155,"column":null}},"55":{"start":{"line":156,"column":6},"end":{"line":156,"column":null}},"56":{"start":{"line":159,"column":4},"end":{"line":201,"column":null}},"57":{"start":{"line":160,"column":6},"end":{"line":160,"column":null}},"58":{"start":{"line":162,"column":6},"end":{"line":162,"column":null}},"59":{"start":{"line":163,"column":23},"end":{"line":163,"column":75}},"60":{"start":{"line":165,"column":6},"end":{"line":169,"column":null}},"61":{"start":{"line":171,"column":6},"end":{"line":171,"column":null}},"62":{"start":{"line":173,"column":6},"end":{"line":173,"column":null}},"63":{"start":{"line":174,"column":6},"end":{"line":174,"column":null}},"64":{"start":{"line":176,"column":6},"end":{"line":181,"column":null}},"65":{"start":{"line":183,"column":6},"end":{"line":198,"column":null}},"66":{"start":{"line":184,"column":8},"end":{"line":189,"column":null}},"67":{"start":{"line":191,"column":8},"end":{"line":191,"column":null}},"68":{"start":{"line":193,"column":8},"end":{"line":198,"column":null}},"69":{"start":{"line":201,"column":6},"end":{"line":201,"column":null}},"70":{"start":{"line":207,"column":4},"end":{"line":207,"column":null}},"71":{"start":{"line":212,"column":4},"end":{"line":212,"column":null}},"72":{"start":{"line":217,"column":16},"end":{"line":217,"column":null}},"73":{"start":{"line":218,"column":4},"end":{"line":218,"column":null}},"74":{"start":{"line":218,"column":21},"end":{"line":218,"column":null}},"75":{"start":{"line":219,"column":4},"end":{"line":219,"column":null}},"76":{"start":{"line":219,"column":21},"end":{"line":219,"column":null}},"77":{"start":{"line":220,"column":4},"end":{"line":220,"column":null}},"78":{"start":{"line":224,"column":4},"end":{"line":235,"column":null}},"79":{"start":{"line":239,"column":22},"end":{"line":239,"column":32}},"80":{"start":{"line":241,"column":4},"end":{"line":249,"column":null}},"81":{"start":{"line":242,"column":27},"end":{"line":242,"column":53}},"82":{"start":{"line":243,"column":24},"end":{"line":243,"column":60}},"83":{"start":{"line":243,"column":45},"end":{"line":243,"column":60}},"84":{"start":{"line":245,"column":6},"end":{"line":246,"column":null}},"85":{"start":{"line":246,"column":8},"end":{"line":246,"column":null}},"86":{"start":{"line":249,"column":6},"end":{"line":249,"column":null}},"87":{"start":{"line":249,"column":35},"end":{"line":249,"column":59}},"88":{"start":{"line":252,"column":4},"end":{"line":252,"column":null}},"89":{"start":{"line":256,"column":24},"end":{"line":256,"column":39}},"90":{"start":{"line":258,"column":0},"end":{"line":261,"column":null}},"91":{"start":{"line":259,"column":2},"end":{"line":259,"column":null}},"92":{"start":{"line":260,"column":2},"end":{"line":260,"column":null}},"93":{"start":{"line":263,"column":0},"end":{"line":266,"column":null}},"94":{"start":{"line":264,"column":2},"end":{"line":264,"column":null}},"95":{"start":{"line":265,"column":2},"end":{"line":265,"column":null}}},"fnMap":{"0":{"name":"(anonymous_0)","decl":{"start":{"line":24,"column":2},"end":{"line":24,"column":14}},"loc":{"start":{"line":24,"column":81},"end":{"line":26,"column":null}},"line":24},"1":{"name":"(anonymous_1)","decl":{"start":{"line":40,"column":2},"end":{"line":40,"column":14}},"loc":{"start":{"line":40,"column":31},"end":{"line":41,"column":null}},"line":40},"2":{"name":"(anonymous_2)","decl":{"start":{"line":44,"column":2},"end":{"line":44,"column":27}},"loc":{"start":{"line":44,"column":74},"end":{"line":46,"column":null}},"line":44},"3":{"name":"(anonymous_3)","decl":{"start":{"line":49,"column":8},"end":{"line":49,"column":null}},"loc":{"start":{"line":53,"column":21},"end":{"line":94,"column":null}},"line":53},"4":{"name":"(anonymous_4)","decl":{"start":{"line":81,"column":15},"end":{"line":81,"column":21}},"loc":{"start":{"line":81,"column":30},"end":{"line":81,"column":54}},"line":81},"5":{"name":"(anonymous_5)","decl":{"start":{"line":97,"column":2},"end":{"line":97,"column":16}},"loc":{"start":{"line":97,"column":16},"end":{"line":109,"column":null}},"line":97},"6":{"name":"(anonymous_6)","decl":{"start":{"line":105,"column":21},"end":{"line":105,"column":39}},"loc":{"start":{"line":105,"column":39},"end":{"line":107,"column":12}},"line":105},"7":{"name":"(anonymous_7)","decl":{"start":{"line":112,"column":2},"end":{"line":112,"column":15}},"loc":{"start":{"line":112,"column":15},"end":{"line":126,"column":null}},"line":112},"8":{"name":"(anonymous_8)","decl":{"start":{"line":129,"column":16},"end":{"line":129,"column":45}},"loc":{"start":{"line":129,"column":45},"end":{"line":134,"column":null}},"line":129},"9":{"name":"(anonymous_9)","decl":{"start":{"line":138,"column":16},"end":{"line":138,"column":27}},"loc":{"start":{"line":138,"column":52},"end":{"line":201,"column":null}},"line":138},"10":{"name":"(anonymous_10)","decl":{"start":{"line":206,"column":2},"end":{"line":206,"column":25}},"loc":{"start":{"line":206,"column":25},"end":{"line":207,"column":null}},"line":206},"11":{"name":"(anonymous_11)","decl":{"start":{"line":211,"column":2},"end":{"line":211,"column":13}},"loc":{"start":{"line":211,"column":40},"end":{"line":212,"column":null}},"line":211},"12":{"name":"(anonymous_12)","decl":{"start":{"line":216,"column":2},"end":{"line":216,"column":53}},"loc":{"start":{"line":216,"column":53},"end":{"line":220,"column":null}},"line":216},"13":{"name":"(anonymous_13)","decl":{"start":{"line":223,"column":2},"end":{"line":223,"column":19}},"loc":{"start":{"line":223,"column":19},"end":{"line":235,"column":null}},"line":223},"14":{"name":"(anonymous_14)","decl":{"start":{"line":238,"column":8},"end":{"line":238,"column":19}},"loc":{"start":{"line":238,"column":69},"end":{"line":252,"column":null}},"line":238},"15":{"name":"(anonymous_15)","decl":{"start":{"line":243,"column":35},"end":{"line":243,"column":40}},"loc":{"start":{"line":243,"column":45},"end":{"line":243,"column":60}},"line":243},"16":{"name":"(anonymous_16)","decl":{"start":{"line":249,"column":16},"end":{"line":249,"column":24}},"loc":{"start":{"line":249,"column":35},"end":{"line":249,"column":59}},"line":249},"17":{"name":"(anonymous_17)","decl":{"start":{"line":258,"column":11},"end":{"line":258,"column":28}},"loc":{"start":{"line":258,"column":28},"end":{"line":261,"column":null}},"line":258},"18":{"name":"(anonymous_18)","decl":{"start":{"line":263,"column":11},"end":{"line":263,"column":27}},"loc":{"start":{"line":263,"column":27},"end":{"line":266,"column":null}},"line":263}},"branchMap":{"0":{"loc":{"start":{"line":40,"column":14},"end":{"line":40,"column":31}},"type":"default-arg","locations":[{"start":{"line":40,"column":28},"end":{"line":40,"column":31}}],"line":40},"1":{"loc":{"start":{"line":52,"column":4},"end":{"line":52,"column":60}},"type":"default-arg","locations":[{"start":{"line":52,"column":58},"end":{"line":52,"column":60}}],"line":52},"2":{"loc":{"start":{"line":54,"column":21},"end":{"line":54,"column":null}},"type":"binary-expr","locations":[{"start":{"line":54,"column":21},"end":{"line":54,"column":41}},{"start":{"line":54,"column":41},"end":{"line":54,"column":null}}],"line":54},"3":{"loc":{"start":{"line":59,"column":4},"end":{"line":67,"column":null}},"type":"if","locations":[{"start":{"line":59,"column":4},"end":{"line":67,"column":null}},{"start":{},"end":{}}],"line":59},"4":{"loc":{"start":{"line":59,"column":8},"end":{"line":59,"column":83}},"type":"binary-expr","locations":[{"start":{"line":59,"column":8},"end":{"line":59,"column":47}},{"start":{"line":59,"column":47},"end":{"line":59,"column":83}}],"line":59},"5":{"loc":{"start":{"line":76,"column":18},"end":{"line":76,"column":null}},"type":"binary-expr","locations":[{"start":{"line":76,"column":18},"end":{"line":76,"column":40}},{"start":{"line":76,"column":40},"end":{"line":76,"column":null}}],"line":76},"6":{"loc":{"start":{"line":90,"column":4},"end":{"line":91,"column":null}},"type":"if","locations":[{"start":{"line":90,"column":4},"end":{"line":91,"column":null}},{"start":{},"end":{}}],"line":90},"7":{"loc":{"start":{"line":98,"column":4},"end":{"line":99,"column":null}},"type":"if","locations":[{"start":{"line":98,"column":4},"end":{"line":99,"column":null}},{"start":{},"end":{}}],"line":98},"8":{"loc":{"start":{"line":113,"column":4},"end":{"line":114,"column":null}},"type":"if","locations":[{"start":{"line":113,"column":4},"end":{"line":114,"column":null}},{"start":{},"end":{}}],"line":113},"9":{"loc":{"start":{"line":118,"column":4},"end":{"line":120,"column":null}},"type":"if","locations":[{"start":{"line":118,"column":4},"end":{"line":120,"column":null}},{"start":{},"end":{}}],"line":118},"10":{"loc":{"start":{"line":130,"column":11},"end":{"line":130,"column":77}},"type":"binary-expr","locations":[{"start":{"line":130,"column":11},"end":{"line":130,"column":54}},{"start":{"line":130,"column":54},"end":{"line":130,"column":77}}],"line":130},"11":{"loc":{"start":{"line":132,"column":6},"end":{"line":132,"column":null}},"type":"if","locations":[{"start":{"line":132,"column":6},"end":{"line":132,"column":null}},{"start":{},"end":{}}],"line":132},"12":{"loc":{"start":{"line":150,"column":4},"end":{"line":156,"column":null}},"type":"if","locations":[{"start":{"line":150,"column":4},"end":{"line":156,"column":null}},{"start":{},"end":{}}],"line":150},"13":{"loc":{"start":{"line":183,"column":6},"end":{"line":198,"column":null}},"type":"if","locations":[{"start":{"line":183,"column":6},"end":{"line":198,"column":null}},{"start":{"line":192,"column":13},"end":{"line":198,"column":null}}],"line":183},"14":{"loc":{"start":{"line":212,"column":11},"end":{"line":212,"column":null}},"type":"binary-expr","locations":[{"start":{"line":212,"column":11},"end":{"line":212,"column":29}},{"start":{"line":212,"column":33},"end":{"line":212,"column":null}}],"line":212},"15":{"loc":{"start":{"line":218,"column":4},"end":{"line":218,"column":null}},"type":"if","locations":[{"start":{"line":218,"column":4},"end":{"line":218,"column":null}},{"start":{},"end":{}}],"line":218},"16":{"loc":{"start":{"line":219,"column":4},"end":{"line":219,"column":null}},"type":"if","locations":[{"start":{"line":219,"column":4},"end":{"line":219,"column":null}},{"start":{},"end":{}}],"line":219},"17":{"loc":{"start":{"line":238,"column":34},"end":{"line":238,"column":69}},"type":"default-arg","locations":[{"start":{"line":238,"column":44},"end":{"line":238,"column":69}}],"line":238},"18":{"loc":{"start":{"line":245,"column":6},"end":{"line":246,"column":null}},"type":"if","locations":[{"start":{"line":245,"column":6},"end":{"line":246,"column":null}},{"start":{},"end":{}}],"line":245},"19":{"loc":{"start":{"line":245,"column":10},"end":{"line":245,"column":39}},"type":"binary-expr","locations":[{"start":{"line":245,"column":10},"end":{"line":245,"column":27}},{"start":{"line":245,"column":27},"end":{"line":245,"column":39}}],"line":245}},"s":{"0":1,"1":1,"2":2,"3":2,"4":2,"5":2,"6":10,"7":10,"8":10,"9":10,"10":10,"11":10,"12":10,"13":10,"14":8,"15":8,"16":5,"17":5,"18":0,"19":0,"20":0,"21":5,"22":5,"23":5,"24":1,"25":5,"26":5,"27":3,"28":5,"29":3,"30":0,"31":3,"32":3,"33":3,"34":6,"35":3,"36":9,"37":6,"38":3,"39":3,"40":3,"41":3,"42":3,"43":9,"44":8,"45":8,"46":0,"47":8,"48":8,"49":8,"50":8,"51":8,"52":8,"53":0,"54":0,"55":0,"56":8,"57":8,"58":4,"59":4,"60":4,"61":4,"62":4,"63":4,"64":4,"65":4,"66":3,"67":3,"68":1,"69":4,"70":7,"71":4,"72":3,"73":3,"74":0,"75":3,"76":0,"77":3,"78":2,"79":0,"80":0,"81":0,"82":0,"83":0,"84":0,"85":0,"86":0,"87":0,"88":0,"89":1,"90":1,"91":0,"92":0,"93":1,"94":0,"95":0},"f":{"0":2,"1":10,"2":8,"3":5,"4":1,"5":3,"6":6,"7":9,"8":9,"9":8,"10":7,"11":4,"12":3,"13":2,"14":0,"15":0,"16":0,"17":0,"18":0},"b":{"0":[10],"1":[5],"2":[5,2],"3":[0,5],"4":[5,0],"5":[5,3],"6":[3,2],"7":[0,3],"8":[6,3],"9":[3,0],"10":[9,9],"11":[0,8],"12":[0,8],"13":[3,1],"14":[4,0],"15":[0,3],"16":[0,3],"17":[0],"18":[0,0],"19":[0,0]},"meta":{"lastBranch":20,"lastFunction":19,"lastStatement":96,"seen":{"s:20:32:20:Infinity":0,"s:21:33:21:Infinity":1,"f:24:2:24:14":0,"s:25:4:25:Infinity":2,"s:24:30:24:47":3,"s:24:63:24:81":4,"s:26:4:26:Infinity":5,"f:40:2:40:14":1,"b:40:28:40:31":0,"s:31:25:31:Infinity":6,"s:32:46:32:Infinity":7,"s:33:41:33:Infinity":8,"s:34:22:34:Infinity":9,"s:35:24:35:Infinity":10,"s:36:25:36:Infinity":11,"s:38:22:38:Infinity":12,"s:41:4:41:Infinity":13,"f:44:2:44:27":2,"s:45:4:45:Infinity":14,"s:46:4:46:Infinity":15,"f:49:8:49:Infinity":3,"b:52:58:52:60":1,"s:54:21:54:Infinity":16,"b:54:21:54:41:54:41:54:Infinity":2,"b:59:4:67:Infinity:undefined:undefined:undefined:undefined":3,"s:59:4:67:Infinity":17,"b:59:8:59:47:59:47:59:83":4,"s:60:6:60:Infinity":18,"s:61:6:66:Infinity":19,"s:67:6:67:Infinity":20,"s:70:24:78:Infinity":21,"b:76:18:76:40:76:40:76:Infinity":5,"s:80:4:80:Infinity":22,"s:81:4:81:Infinity":23,"f:81:15:81:21":4,"s:81:30:81:54":24,"s:83:4:88:Infinity":25,"b:90:4:91:Infinity:undefined:undefined:undefined:undefined":6,"s:90:4:91:Infinity":26,"s:91:6:91:Infinity":27,"s:94:4:94:Infinity":28,"f:97:2:97:16":5,"b:98:4:99:Infinity:undefined:undefined:undefined:undefined":7,"s:98:4:99:Infinity":29,"s:99:6:99:Infinity":30,"s:102:4:102:Infinity":31,"s:103:4:103:Infinity":32,"s:105:4:107:Infinity":33,"f:105:21:105:39":6,"s:106:6:106:Infinity":34,"s:109:4:109:Infinity":35,"f:112:2:112:15":7,"b:113:4:114:Infinity:undefined:undefined:undefined:undefined":8,"s:113:4:114:Infinity":36,"s:114:6:114:Infinity":37,"s:117:4:117:Infinity":38,"b:118:4:120:Infinity:undefined:undefined:undefined:undefined":9,"s:118:4:120:Infinity":39,"s:119:6:119:Infinity":40,"s:120:6:120:Infinity":41,"s:123:4:126:Infinity":42,"f:129:16:129:45":8,"s:130:4:134:Infinity":43,"b:130:11:130:54:130:54:130:77":10,"s:131:18:131:36":44,"b:132:6:132:Infinity:undefined:undefined:undefined:undefined":11,"s:132:6:132:Infinity":45,"s:132:16:132:Infinity":46,"s:134:6:134:Infinity":47,"f:138:16:138:27":9,"s:139:4:139:Infinity":48,"s:140:4:140:Infinity":49,"s:142:4:147:Infinity":50,"s:149:20:149:47":51,"b:150:4:156:Infinity:undefined:undefined:undefined:undefined":12,"s:150:4:156:Infinity":52,"s:151:6:154:Infinity":53,"s:155:6:155:Infinity":54,"s:156:6:156:Infinity":55,"s:159:4:201:Infinity":56,"s:160:6:160:Infinity":57,"s:162:6:162:Infinity":58,"s:163:23:163:75":59,"s:165:6:169:Infinity":60,"s:171:6:171:Infinity":61,"s:173:6:173:Infinity":62,"s:174:6:174:Infinity":63,"s:176:6:181:Infinity":64,"b:183:6:198:Infinity:192:13:198:Infinity":13,"s:183:6:198:Infinity":65,"s:184:8:189:Infinity":66,"s:191:8:191:Infinity":67,"s:193:8:198:Infinity":68,"s:201:6:201:Infinity":69,"f:206:2:206:25":10,"s:207:4:207:Infinity":70,"f:211:2:211:13":11,"s:212:4:212:Infinity":71,"b:212:11:212:29:212:33:212:Infinity":14,"f:216:2:216:53":12,"s:217:16:217:Infinity":72,"b:218:4:218:Infinity:undefined:undefined:undefined:undefined":15,"s:218:4:218:Infinity":73,"s:218:21:218:Infinity":74,"b:219:4:219:Infinity:undefined:undefined:undefined:undefined":16,"s:219:4:219:Infinity":75,"s:219:21:219:Infinity":76,"s:220:4:220:Infinity":77,"f:223:2:223:19":13,"s:224:4:235:Infinity":78,"f:238:8:238:19":14,"b:238:44:238:69":17,"s:239:22:239:32":79,"s:241:4:249:Infinity":80,"s:242:27:242:53":81,"s:243:24:243:60":82,"f:243:35:243:40":15,"s:243:45:243:60":83,"b:245:6:246:Infinity:undefined:undefined:undefined:undefined":18,"s:245:6:246:Infinity":84,"b:245:10:245:27:245:27:245:39":19,"s:246:8:246:Infinity":85,"s:249:6:249:Infinity":86,"f:249:16:249:24":16,"s:249:35:249:59":87,"s:252:4:252:Infinity":88,"s:256:24:256:39":89,"s:258:0:261:Infinity":90,"f:258:11:258:28":17,"s:259:2:259:Infinity":91,"s:260:2:260:Infinity":92,"s:263:0:266:Infinity":93,"f:263:11:263:27":18,"s:264:2:264:Infinity":94,"s:265:2:265:Infinity":95}}}
}
